mode: set
github.com/lrnholanda/manual-parse/greeter.go:22.30,24.2 1 1
github.com/lrnholanda/manual-parse/greeter.go:26.47,30.20 4 1
github.com/lrnholanda/manual-parse/greeter.go:34.2,34.44 1 1
github.com/lrnholanda/manual-parse/greeter.go:39.2,40.16 2 1
github.com/lrnholanda/manual-parse/greeter.go:43.2,45.15 2 1
github.com/lrnholanda/manual-parse/greeter.go:30.20,32.3 1 1
github.com/lrnholanda/manual-parse/greeter.go:34.44,37.3 2 1
github.com/lrnholanda/manual-parse/greeter.go:40.16,42.3 1 1
github.com/lrnholanda/manual-parse/greeter.go:48.35,49.23 1 1
github.com/lrnholanda/manual-parse/greeter.go:52.2,52.12 1 1
github.com/lrnholanda/manual-parse/greeter.go:49.23,51.3 1 1
github.com/lrnholanda/manual-parse/greeter.go:55.55,56.18 1 1
github.com/lrnholanda/manual-parse/greeter.go:60.2,61.16 2 1
github.com/lrnholanda/manual-parse/greeter.go:64.2,65.12 2 1
github.com/lrnholanda/manual-parse/greeter.go:56.18,59.3 2 1
github.com/lrnholanda/manual-parse/greeter.go:61.16,63.3 1 1
github.com/lrnholanda/manual-parse/greeter.go:68.56,74.38 5 1
github.com/lrnholanda/manual-parse/greeter.go:77.2,78.20 2 1
github.com/lrnholanda/manual-parse/greeter.go:81.2,81.18 1 1
github.com/lrnholanda/manual-parse/greeter.go:74.38,76.3 1 0
github.com/lrnholanda/manual-parse/greeter.go:78.20,80.3 1 1
github.com/lrnholanda/manual-parse/greeter.go:84.52,86.34 2 1
github.com/lrnholanda/manual-parse/greeter.go:86.34,88.3 1 1
github.com/lrnholanda/manual-parse/greeter.go:91.13,94.16 2 0
github.com/lrnholanda/manual-parse/greeter.go:99.2,100.16 2 0
github.com/lrnholanda/manual-parse/greeter.go:106.2,107.16 2 0
github.com/lrnholanda/manual-parse/greeter.go:94.16,98.3 3 0
github.com/lrnholanda/manual-parse/greeter.go:100.16,104.3 3 0
github.com/lrnholanda/manual-parse/greeter.go:107.16,110.3 2 0
